\BOOKMARK [0][-]{chapter.1}{Introduction}{}% 1
\BOOKMARK [1][-]{section.1.1}{Problem}{chapter.1}% 2
\BOOKMARK [1][-]{section.1.2}{Purpose}{chapter.1}% 3
\BOOKMARK [1][-]{section.1.3}{Thesis Plan}{chapter.1}% 4
\BOOKMARK [0][-]{chapter.2}{Background}{}% 5
\BOOKMARK [1][-]{section.2.1}{Preliminaries}{chapter.2}% 6
\BOOKMARK [2][-]{subsection.2.1.1}{Tasks}{section.2.1}% 7
\BOOKMARK [3][-]{subsubsection.2.1.1.1}{Time}{subsection.2.1.1}% 8
\BOOKMARK [3][-]{subsubsection.2.1.1.2}{Payment}{subsection.2.1.1}% 9
\BOOKMARK [3][-]{subsubsection.2.1.1.3}{Acceptance}{subsection.2.1.1}% 10
\BOOKMARK [3][-]{subsubsection.2.1.1.4}{Expiration}{subsection.2.1.1}% 11
\BOOKMARK [2][-]{subsection.2.1.2}{Requesters}{section.2.1}% 12
\BOOKMARK [2][-]{subsection.2.1.3}{Workers}{section.2.1}% 13
\BOOKMARK [1][-]{section.2.2}{Building Blocks of a Platform}{chapter.2}% 14
\BOOKMARK [2][-]{subsection.2.2.1}{Workflow Design}{section.2.2}% 15
\BOOKMARK [2][-]{subsection.2.2.2}{Task Assignment}{section.2.2}% 16
\BOOKMARK [2][-]{subsection.2.2.3}{Quality Control}{section.2.2}% 17
\BOOKMARK [1][-]{section.2.3}{Related Work}{chapter.2}% 18
\BOOKMARK [2][-]{subsection.2.3.1}{Crowdsourcing Platforms}{section.2.3}% 19
\BOOKMARK [3][-]{subsubsection.2.3.1.1}{Jabberwocky}{subsection.2.3.1}% 20
\BOOKMARK [3][-]{subsubsection.2.3.1.2}{WeFlow}{subsection.2.3.1}% 21
\BOOKMARK [3][-]{subsubsection.2.3.1.3}{TurKit}{subsection.2.3.1}% 22
\BOOKMARK [3][-]{subsubsection.2.3.1.4}{CrowdLang}{subsection.2.3.1}% 23
\BOOKMARK [3][-]{subsubsection.2.3.1.5}{AutoMan}{subsection.2.3.1}% 24
\BOOKMARK [3][-]{subsubsection.2.3.1.6}{Turkomatic}{subsection.2.3.1}% 25
\BOOKMARK [3][-]{subsubsection.2.3.1.7}{CrowdForge}{subsection.2.3.1}% 26
\BOOKMARK [3][-]{subsubsection.2.3.1.8}{CrowdWeaver}{subsection.2.3.1}% 27
\BOOKMARK [2][-]{subsection.2.3.2}{Other Studies}{section.2.3}% 28
\BOOKMARK [3][-]{subsubsection.2.3.2.1}{Soylent}{subsection.2.3.2}% 29
\BOOKMARK [3][-]{subsubsection.2.3.2.2}{Qurk}{subsection.2.3.2}% 30
\BOOKMARK [3][-]{subsubsection.2.3.2.3}{Mobi}{subsection.2.3.2}% 31
\BOOKMARK [3][-]{subsubsection.2.3.2.4}{CrowdSpace}{subsection.2.3.2}% 32
\BOOKMARK [3][-]{subsubsection.2.3.2.5}{Human Architecture}{subsection.2.3.2}% 33
\BOOKMARK [0][-]{chapter.3}{Platform}{}% 34
\BOOKMARK [1][-]{section.3.1}{Architecture}{chapter.3}% 35
\BOOKMARK [1][-]{section.3.2}{Concepts}{chapter.3}% 36
\BOOKMARK [2][-]{subsection.3.2.1}{Operator}{section.3.2}% 37
\BOOKMARK [3][-]{subsubsection.3.2.1.1}{Source operators}{subsection.3.2.1}% 38
\BOOKMARK [3][-]{subsubsection.3.2.1.2}{Sink operators}{subsection.3.2.1}% 39
\BOOKMARK [3][-]{subsubsection.3.2.1.3}{Processing operators}{subsection.3.2.1}% 40
\BOOKMARK [3][-]{subsubsection.3.2.1.4}{Relational operators}{subsection.3.2.1}% 41
\BOOKMARK [3][-]{subsubsection.3.2.1.5}{Utility operators}{subsection.3.2.1}% 42
\BOOKMARK [2][-]{subsection.3.2.2}{Flow}{section.3.2}% 43
\BOOKMARK [1][-]{section.3.3}{Application Development}{chapter.3}% 44
\BOOKMARK [0][-]{chapter.4}{Motivating Examples}{}% 45
\BOOKMARK [0][-]{chapter.5}{Discussion}{}% 46
\BOOKMARK [0][-]{chapter.6}{Conclusion}{}% 47
