This is pdfTeX, Version 3.1415926-2.5-1.40.14 (TeX Live 2013) (format=pdflatex 2013.5.30)  19 AUG 2014 15:38
entering extended mode
 restricted \write18 enabled.
 file:line:error style messages enabled.
 %&-line parsing enabled.
**paper.tex
(text/paper.tex
LaTeX2e <2011/06/27>
Babel <3.9f> and hyphenation patterns for 78 languages loaded.
(style/config.tex (style/sty/buthesis.cls
Document Class: buthesis 
(/usr/local/texlive/2013/texmf-dist/tex/latex/base/report.cls
Document Class: report 2007/10/19 v1.4h Standard LaTeX document class
(/usr/local/texlive/2013/texmf-dist/tex/latex/base/size12.clo
File: size12.clo 2007/10/19 v1.4h Standard LaTeX file (size option)
)
\c@part=\count79
\c@chapter=\count80
\c@section=\count81
\c@subsection=\count82
\c@subsubsection=\count83
\c@paragraph=\count84
\c@subparagraph=\count85
\c@figure=\count86
\c@table=\count87
\abovecaptionskip=\skip41
\belowcaptionskip=\skip42
\bibindent=\dimen102
) (/usr/local/texlive/2013/texmf-dist/tex/latex/graphics/graphicx.sty
Package: graphicx 1999/02/16 v1.0f Enhanced LaTeX Graphics (DPC,SPQR)
(/usr/local/texlive/2013/texmf-dist/tex/latex/graphics/keyval.sty
Package: keyval 1999/03/16 v1.13 key=value parser (DPC)
\KV@toks@=\toks14
) (/usr/local/texlive/2013/texmf-dist/tex/latex/graphics/graphics.sty
Package: graphics 2009/02/05 v1.0o Standard LaTeX Graphics (DPC,SPQR)
(/usr/local/texlive/2013/texmf-dist/tex/latex/graphics/trig.sty
Package: trig 1999/03/16 v1.09 sin cos tan (DPC)
) (/usr/local/texlive/2013/texmf-dist/tex/latex/latexconfig/graphics.cfg
File: graphics.cfg 2010/04/23 v1.9 graphics configuration of TeX Live
)
Package graphics Info: Driver file: pdftex.def on input line 91.
(/usr/local/texlive/2013/texmf-dist/tex/latex/pdftex-def/pdftex.def
File: pdftex.def 2011/05/27 v0.06d Graphics/color for pdfTeX
(/usr/local/texlive/2013/texmf-dist/tex/generic/oberdiek/infwarerr.sty
Package: infwarerr 2010/04/08 v1.3 Providing info/warning/error messages (HO)
) (/usr/local/texlive/2013/texmf-dist/tex/generic/oberdiek/ltxcmds.sty
Package: ltxcmds 2011/11/09 v1.22 LaTeX kernel commands for general use (HO)
)
\Gread@gobject=\count88
))
\Gin@req@height=\dimen103
\Gin@req@width=\dimen104
)) (/usr/local/texlive/2013/texmf-dist/tex/latex/listings/listings.sty
\lst@mode=\count89
\lst@gtempboxa=\box26
\lst@token=\toks15
\lst@length=\count90
\lst@currlwidth=\dimen105
\lst@column=\count91
\lst@pos=\count92
\lst@lostspace=\dimen106
\lst@width=\dimen107
\lst@newlines=\count93
\lst@lineno=\count94
\lst@maxwidth=\dimen108
(/usr/local/texlive/2013/texmf-dist/tex/latex/listings/lstmisc.sty
File: lstmisc.sty 2007/02/22 1.4 (Carsten Heinz)
\c@lstnumber=\count95
\lst@skipnumbers=\count96
\lst@framebox=\box27
) (/usr/local/texlive/2013/texmf-dist/tex/latex/listings/listings.cfg
File: listings.cfg 2007/02/22 1.4 listings configuration
))
Package: listings 2007/02/22 1.4 (Carsten Heinz)
(/usr/local/texlive/2013/texmf-dist/tex/latex/amsmath/amsmath.sty
Package: amsmath 2013/01/14 v2.14 AMS math features
\@mathmargin=\skip43
For additional information on amsmath, use the `?' option.
(/usr/local/texlive/2013/texmf-dist/tex/latex/amsmath/amstext.sty
Package: amstext 2000/06/29 v2.01
(/usr/local/texlive/2013/texmf-dist/tex/latex/amsmath/amsgen.sty
File: amsgen.sty 1999/11/30 v2.0
\@emptytoks=\toks16
\ex@=\dimen109
)) (/usr/local/texlive/2013/texmf-dist/tex/latex/amsmath/amsbsy.sty
Package: amsbsy 1999/11/29 v1.2d
\pmbraise@=\dimen110
) (/usr/local/texlive/2013/texmf-dist/tex/latex/amsmath/amsopn.sty
Package: amsopn 1999/12/14 v2.01 operator names
)
\inf@bad=\count97
LaTeX Info: Redefining \frac on input line 210.
\uproot@=\count98
\leftroot@=\count99
LaTeX Info: Redefining \overline on input line 306.
\classnum@=\count100
\DOTSCASE@=\count101
LaTeX Info: Redefining \ldots on input line 378.
LaTeX Info: Redefining \dots on input line 381.
LaTeX Info: Redefining \cdots on input line 466.
\Mathstrutbox@=\box28
\strutbox@=\box29
\big@size=\dimen111
LaTeX Font Info:    Redeclaring font encoding OML on input line 566.
LaTeX Font Info:    Redeclaring font encoding OMS on input line 567.
\macc@depth=\count102
\c@MaxMatrixCols=\count103
\dotsspace@=\muskip10
\c@parentequation=\count104
\dspbrk@lvl=\count105
\tag@help=\toks17
\row@=\count106
\column@=\count107
\maxfields@=\count108
\andhelp@=\toks18
\eqnshift@=\dimen112
\alignsep@=\dimen113
\tagshift@=\dimen114
\tagwidth@=\dimen115
\totwidth@=\dimen116
\lineht@=\dimen117
\@envbody=\toks19
\multlinegap=\skip44
\multlinetaggap=\skip45
\mathdisplay@stack=\toks20
LaTeX Info: Redefining \[ on input line 2665.
LaTeX Info: Redefining \] on input line 2666.
) (/usr/local/texlive/2013/texmf-dist/tex/latex/amsfonts/amsfonts.sty
Package: amsfonts 2013/01/14 v3.01 Basic AMSFonts support
\symAMSa=\mathgroup4
\symAMSb=\mathgroup5
LaTeX Font Info:    Overwriting math alphabet `\mathfrak' in version `bold'
(Font)                  U/euf/m/n --> U/euf/b/n on input line 106.
) (/usr/local/texlive/2013/texmf-dist/tex/latex/amsfonts/amssymb.sty
Package: amssymb 2013/01/14 v3.01 AMS font symbols
) (/usr/local/texlive/2013/texmf-dist/tex/latex/wasysym/wasysym.sty
Package: wasysym 2003/10/30 v2.0 Wasy-2 symbol support package
\symwasy=\mathgroup6
LaTeX Font Info:    Overwriting symbol font `wasy' in version `bold'
(Font)                  U/wasy/m/n --> U/wasy/b/n on input line 90.
) (/usr/local/texlive/2013/texmf-dist/tex/latex/rotating/rotating.sty
Package: rotating 2009/03/28 v2.16a rotated objects in LaTeX
(/usr/local/texlive/2013/texmf-dist/tex/latex/base/ifthen.sty
Package: ifthen 2001/05/26 v1.1c Standard LaTeX ifthen package (DPC)
)
\c@r@tfl@t=\count109
\rotFPtop=\skip46
\rotFPbot=\skip47
\rot@float@box=\box30
\rot@mess@toks=\toks21
) (style/sty/algorithm2e.sty
Package: algorithm2e 2008/00/00 v3.10 algorithms environments
\c@AlgoLine=\count110
(/usr/local/texlive/2013/texmf-dist/tex/latex/tools/xspace.sty
Package: xspace 2009/10/20 v1.13 Space after command names (DPC,MH)
) (/usr/local/texlive/2013/texmf-dist/tex/latex/relsize/relsize.sty
Package: relsize 2013/03/29 ver 4.1
)
********************************************************
Package `algorithm2e' Release 4.01 -- december 14 2009 --
- algorithm2e-announce@lirmm.fr mailing list for announcement about releases
- algorithm2e-discussion@lirmm.fr mailing list for discussion about package
subscribe by emailing sympa@lirmm.fr with 'subscribe <list> <firstname name>'
- Author: Christophe Fiorio (fiorio@lirmm.fr)
********************************************************
\skiptotal=\skip48
\skiplinenumber=\skip49
\skiprule=\skip50
\skiphlne=\skip51
\skiptext=\skip52
\skiplength=\skip53
\algomargin=\skip54
\skipalgocfslide=\skip55
\algowidth=\dimen118
\inoutsize=\dimen119
\inoutline=\dimen120
\interspacetitleruled=\dimen121
\interspacealgoruled=\dimen122
\interspacetitleboxruled=\dimen123
\algocf@inoutbox=\box31
\algocf@inputbox=\box32
\AlCapSkip=\skip56
\AlCapHSkip=\skip57
\algocf@nlbox=\box33
\algocf@hangingbox=\box34
\algocf@capbox=\box35
\algoheightruledefault=\skip58
\algoheightrule=\skip59
\algotitleheightruledefault=\skip60
\algotitleheightrule=\skip61
\c@algocfline=\count111
\c@algocfproc=\count112
\c@algocf=\count113
\algocf@algoframe=\box36
\algocf@algobox=\box37
) (/usr/local/texlive/2013/texmf-dist/tex/latex/graphics/color.sty
Package: color 2005/11/14 v1.0j Standard LaTeX Color (DPC)
(/usr/local/texlive/2013/texmf-dist/tex/latex/latexconfig/color.cfg
File: color.cfg 2007/01/18 v1.5 color configuration of teTeX/TeXLive
)
Package color Info: Driver file: pdftex.def on input line 130.
(/usr/local/texlive/2013/texmf-dist/tex/latex/graphics/dvipsnam.def
File: dvipsnam.def 1999/02/16 v3.0i Driver-dependant file (DPC,SPQR)
)) (/usr/local/texlive/2013/texmf-dist/tex/latex/wrapfig/wrapfig.sty
\wrapoverhang=\dimen124
\WF@size=\dimen125
\c@WF@wrappedlines=\count114
\WF@box=\box38
\WF@everypar=\toks22
Package: wrapfig 2003/01/31  v 3.6
) (/usr/local/texlive/2013/texmf-dist/tex/latex/caption/caption.sty
Package: caption 2013/05/02 v3.3-89 Customizing captions (AR)
(/usr/local/texlive/2013/texmf-dist/tex/latex/caption/caption3.sty
Package: caption3 2013/05/02 v1.6-88 caption3 kernel (AR)
Package caption3 Info: TeX engine: e-TeX on input line 57.
\captionmargin=\dimen126
\captionmargin@=\dimen127
\captionwidth=\dimen128
\caption@tempdima=\dimen129
\caption@indent=\dimen130
\caption@parindent=\dimen131
\caption@hangindent=\dimen132
)
\c@ContinuedFloat=\count115
Package caption Info: listings package is loaded.
Package caption Info: rotating package is loaded.
Package caption Info: wrapfig package is loaded.
) (/usr/local/texlive/2013/texmf-dist/tex/latex/hyperref/hyperref.sty
Package: hyperref 2012/11/06 v6.83m Hypertext links for LaTeX
(/usr/local/texlive/2013/texmf-dist/tex/generic/oberdiek/hobsub-hyperref.sty
Package: hobsub-hyperref 2012/05/28 v1.13 Bundle oberdiek, subset hyperref (HO)
(/usr/local/texlive/2013/texmf-dist/tex/generic/oberdiek/hobsub-generic.sty
Package: hobsub-generic 2012/05/28 v1.13 Bundle oberdiek, subset generic (HO)
Package: hobsub 2012/05/28 v1.13 Construct package bundles (HO)
Package hobsub Info: Skipping package `infwarerr' (already loaded).
Package hobsub Info: Skipping package `ltxcmds' (already loaded).
Package: ifluatex 2010/03/01 v1.3 Provides the ifluatex switch (HO)
Package ifluatex Info: LuaTeX not detected.
Package: ifvtex 2010/03/01 v1.5 Detect VTeX and its facilities (HO)
Package ifvtex Info: VTeX not detected.
Package: intcalc 2007/09/27 v1.1 Expandable calculations with integers (HO)
Package: ifpdf 2011/01/30 v2.3 Provides the ifpdf switch (HO)
Package ifpdf Info: pdfTeX in PDF mode is detected.
Package: etexcmds 2011/02/16 v1.5 Avoid name clashes with e-TeX commands (HO)
Package etexcmds Info: Could not find \expanded.
(etexcmds)             That can mean that you are not using pdfTeX 1.50 or
(etexcmds)             that some package has redefined \expanded.
(etexcmds)             In the latter case, load this package earlier.
Package: kvsetkeys 2012/04/25 v1.16 Key value parser (HO)
Package: kvdefinekeys 2011/04/07 v1.3 Define keys (HO)
Package: pdftexcmds 2011/11/29 v0.20 Utility functions of pdfTeX for LuaTeX (HO)
Package pdftexcmds Info: LuaTeX not detected.
Package pdftexcmds Info: \pdf@primitive is available.
Package pdftexcmds Info: \pdf@ifprimitive is available.
Package pdftexcmds Info: \pdfdraftmode found.
Package: pdfescape 2011/11/25 v1.13 Implements pdfTeX's escape features (HO)
Package: bigintcalc 2012/04/08 v1.3 Expandable calculations on big integers (HO)
Package: bitset 2011/01/30 v1.1 Handle bit-vector datatype (HO)
Package: uniquecounter 2011/01/30 v1.2 Provide unlimited unique counter (HO)
)
Package hobsub Info: Skipping package `hobsub' (already loaded).
Package: letltxmacro 2010/09/02 v1.4 Let assignment for LaTeX macros (HO)
Package: hopatch 2012/05/28 v1.2 Wrapper for package hooks (HO)
Package: xcolor-patch 2011/01/30 xcolor patch
Package: atveryend 2011/06/30 v1.8 Hooks at the very end of document (HO)
Package atveryend Info: \enddocument detected (standard20110627).
Package: atbegshi 2011/10/05 v1.16 At begin shipout hook (HO)
Package: refcount 2011/10/16 v3.4 Data extraction from label references (HO)
Package: hycolor 2011/01/30 v1.7 Color options for hyperref/bookmark (HO)
) (/usr/local/texlive/2013/texmf-dist/tex/generic/ifxetex/ifxetex.sty
Package: ifxetex 2010/09/12 v0.6 Provides ifxetex conditional
) (/usr/local/texlive/2013/texmf-dist/tex/latex/oberdiek/auxhook.sty
Package: auxhook 2011/03/04 v1.3 Hooks for auxiliary files (HO)
) (/usr/local/texlive/2013/texmf-dist/tex/latex/oberdiek/kvoptions.sty
Package: kvoptions 2011/06/30 v3.11 Key value format for package options (HO)
)
\@linkdim=\dimen133
\Hy@linkcounter=\count116
\Hy@pagecounter=\count117
(/usr/local/texlive/2013/texmf-dist/tex/latex/hyperref/pd1enc.def
File: pd1enc.def 2012/11/06 v6.83m Hyperref: PDFDocEncoding definition (HO)
)
\Hy@SavedSpaceFactor=\count118
(/usr/local/texlive/2013/texmf-dist/tex/latex/latexconfig/hyperref.cfg
File: hyperref.cfg 2002/06/06 v1.2 hyperref configuration of TeXLive
)
Package hyperref Info: Hyper figures OFF on input line 4443.
Package hyperref Info: Link nesting OFF on input line 4448.
Package hyperref Info: Hyper index ON on input line 4451.
Package hyperref Info: Plain pages OFF on input line 4458.
Package hyperref Info: Backreferencing OFF on input line 4463.
Package hyperref Info: Implicit mode ON; LaTeX internals redefined.
Package hyperref Info: Bookmarks ON on input line 4688.
\c@Hy@tempcnt=\count119
(/usr/local/texlive/2013/texmf-dist/tex/latex/url/url.sty
\Urlmuskip=\muskip11
Package: url 2006/04/12  ver 3.3  Verb mode for urls, etc.
)
LaTeX Info: Redefining \url on input line 5041.
\XeTeXLinkMargin=\dimen134
\Fld@menulength=\count120
\Field@Width=\dimen135
\Fld@charsize=\dimen136
Package hyperref Info: Hyper figures OFF on input line 6295.
Package hyperref Info: Link nesting OFF on input line 6300.
Package hyperref Info: Hyper index ON on input line 6303.
Package hyperref Info: backreferencing OFF on input line 6310.
Package hyperref Info: Link coloring OFF on input line 6315.
Package hyperref Info: Link coloring with OCG OFF on input line 6320.
Package hyperref Info: PDF/A mode OFF on input line 6325.
LaTeX Info: Redefining \ref on input line 6365.
LaTeX Info: Redefining \pageref on input line 6369.
\Hy@abspage=\count121
\c@Item=\count122
\c@Hfootnote=\count123
)

Package hyperref Message: Driver (autodetected): hpdftex.

(/usr/local/texlive/2013/texmf-dist/tex/latex/hyperref/hpdftex.def
File: hpdftex.def 2012/11/06 v6.83m Hyperref driver for pdfTeX
\Fld@listcount=\count124
\c@bookmark@seq@number=\count125
(/usr/local/texlive/2013/texmf-dist/tex/latex/oberdiek/rerunfilecheck.sty
Package: rerunfilecheck 2011/04/15 v1.7 Rerun checks for auxiliary files (HO)
Package uniquecounter Info: New unique counter `rerunfilecheck' on input line 282.
)
\Hy@SectionHShift=\skip62
) (/usr/local/texlive/2013/texmf-dist/tex/latex/breakurl/breakurl.sty
Package: breakurl 2013/04/10 v1.40 Breakable hyperref URLs
(/usr/local/texlive/2013/texmf-dist/tex/latex/xkeyval/xkeyval.sty
Package: xkeyval 2012/10/14 v2.6b package option processing (HA)
(/usr/local/texlive/2013/texmf-dist/tex/generic/xkeyval/xkeyval.tex
\XKV@toks=\toks23
\XKV@tempa@toks=\toks24
\XKV@depth=\count126
File: xkeyval.tex 2012/10/14 v2.6b key=value parser (HA)
))

Package breakurl Warning: You are using breakurl while processing via pdflatex.
(breakurl)                \burl will be just a synonym of \url.
(breakurl)                 on input line 48.

) (/usr/local/texlive/2013/texmf-dist/tex/latex/colortbl/colortbl.sty
Package: colortbl 2012/02/13 v1.0a Color table columns (DPC)
(/usr/local/texlive/2013/texmf-dist/tex/latex/tools/array.sty
Package: array 2008/09/09 v2.4c Tabular extension package (FMi)
\col@sep=\dimen137
\extrarowheight=\dimen138
\NC@list=\toks25
\extratabsurround=\skip63
\backup@length=\skip64
)
\everycr=\toks26
\minrowclearance=\skip65
) (/usr/local/texlive/2013/texmf-dist/tex/latex/tools/multicol.sty
Package: multicol 2011/06/27 v1.7a multicolumn formatting (FMi)
\c@tracingmulticols=\count127
\mult@box=\box39
\multicol@leftmargin=\dimen139
\c@unbalance=\count128
\c@collectmore=\count129
\doublecol@number=\count130
\multicoltolerance=\count131
\multicolpretolerance=\count132
\full@width=\dimen140
\page@free=\dimen141
\premulticols=\dimen142
\postmulticols=\dimen143
\multicolsep=\skip66
\multicolbaselineskip=\skip67
\partial@page=\box40
\last@line=\box41
\mult@rightbox=\box42
\mult@grightbox=\box43
\mult@gfirstbox=\box44
\mult@firstbox=\box45
\@tempa=\box46
\@tempa=\box47
\@tempa=\box48
\@tempa=\box49
\@tempa=\box50
\@tempa=\box51
\@tempa=\box52
\@tempa=\box53
\@tempa=\box54
\@tempa=\box55
\@tempa=\box56
\@tempa=\box57
\@tempa=\box58
\@tempa=\box59
\@tempa=\box60
\@tempa=\box61
\@tempa=\box62
\c@columnbadness=\count133
\c@finalcolumnbadness=\count134
\last@try=\dimen144
\multicolovershoot=\dimen145
\multicolundershoot=\dimen146
\mult@nat@firstbox=\box63
\colbreak@box=\box64
\multicol@sort@counter=\count135
) (output/paper.aux)
\openout1 = `paper.aux'.

LaTeX Font Info:    Checking defaults for OML/cmm/m/it on input line 115.
LaTeX Font Info:    ... okay on input line 115.
LaTeX Font Info:    Checking defaults for T1/cmr/m/n on input line 115.
LaTeX Font Info:    ... okay on input line 115.
LaTeX Font Info:    Checking defaults for OT1/cmr/m/n on input line 115.
LaTeX Font Info:    ... okay on input line 115.
LaTeX Font Info:    Checking defaults for OMS/cmsy/m/n on input line 115.
LaTeX Font Info:    ... okay on input line 115.
LaTeX Font Info:    Checking defaults for OMX/cmex/m/n on input line 115.
LaTeX Font Info:    ... okay on input line 115.
LaTeX Font Info:    Checking defaults for U/cmr/m/n on input line 115.
LaTeX Font Info:    ... okay on input line 115.
LaTeX Font Info:    Checking defaults for PD1/pdf/m/n on input line 115.
LaTeX Font Info:    ... okay on input line 115.
(/usr/local/texlive/2013/texmf-dist/tex/context/base/supp-pdf.mkii
[Loading MPS to PDF converter (version 2006.09.02).]
\scratchcounter=\count136
\scratchdimen=\dimen147
\scratchbox=\box65
\nofMPsegments=\count137
\nofMParguments=\count138
\everyMPshowfont=\toks27
\MPscratchCnt=\count139
\MPscratchDim=\dimen148
\MPnumerator=\count140
\makeMPintoPDFobject=\count141
\everyMPtoPDFconversion=\toks28
) (/usr/local/texlive/2013/texmf-dist/tex/latex/oberdiek/epstopdf-base.sty
Package: epstopdf-base 2010/02/09 v2.5 Base part for package epstopdf
(/usr/local/texlive/2013/texmf-dist/tex/latex/oberdiek/grfext.sty
Package: grfext 2010/08/19 v1.1 Manage graphics extensions (HO)
)
Package grfext Info: Graphics extension search list:
(grfext)             [.png,.pdf,.jpg,.mps,.jpeg,.jbig2,.jb2,.PNG,.PDF,.JPG,.JPEG,.JBIG2,.JB2,.eps]
(grfext)             \AppendGraphicsExtensions on input line 452.
(/usr/local/texlive/2013/texmf-dist/tex/latex/latexconfig/epstopdf-sys.cfg
File: epstopdf-sys.cfg 2010/07/13 v1.3 Configuration of (r)epstopdf for TeX Live
))
\c@lstlisting=\count142
Package caption Info: Begin \AtBeginDocument code.
Package caption Info: hyperref package is loaded.
Package caption Info: End \AtBeginDocument code.
\AtBeginShipoutBox=\box66
Package hyperref Info: Link coloring OFF on input line 115.
(/usr/local/texlive/2013/texmf-dist/tex/latex/hyperref/nameref.sty
Package: nameref 2012/10/27 v2.43 Cross-referencing by name of section
(/usr/local/texlive/2013/texmf-dist/tex/generic/oberdiek/gettitlestring.sty
Package: gettitlestring 2010/12/03 v1.4 Cleanup title references (HO)
)
\c@section@level=\count143
)
LaTeX Info: Redefining \ref on input line 115.
LaTeX Info: Redefining \pageref on input line 115.
LaTeX Info: Redefining \nameref on input line 115.
(output/paper.out) (output/paper.out)
\@outlinefile=\write3
\openout3 = `paper.out'.

) [1

{/usr/local/texlive/2013/texmf-var/fonts/map/pdftex/updmap/pdftex.map}]
LaTeX Font Info:    Try loading font information for U+msa on input line 6.
(/usr/local/texlive/2013/texmf-dist/tex/latex/amsfonts/umsa.fd
File: umsa.fd 2013/01/14 v3.01 AMS symbols A
)
LaTeX Font Info:    Try loading font information for U+msb on input line 6.
(/usr/local/texlive/2013/texmf-dist/tex/latex/amsfonts/umsb.fd
File: umsb.fd 2013/01/14 v3.01 AMS symbols B
)
LaTeX Font Info:    Try loading font information for U+wasy on input line 6.
(/usr/local/texlive/2013/texmf-dist/tex/latex/wasysym/uwasy.fd
File: uwasy.fd 2003/10/30 v2.0 Wasy-2 symbol font definitions
) [2] (text/abstract.tex [3] [4]) (text/acknowledge.tex [5]) (text/preliminary.tex (output/paper.toc [6

] [7])
\tf@toc=\write4
\openout4 = `paper.toc'.

[8] (output/paper.lof [9

] [10])
\tf@lof=\write5
\openout5 = `paper.lof'.

[11] (output/paper.lot)
\tf@lot=\write6
\openout6 = `paper.lot'.

[12

]) (text/introduction.tex
Chapter 1.
[1

] [2] [3]
LaTeX Font Info:    Try loading font information for OMS+cmr on input line 109.
(/usr/local/texlive/2013/texmf-dist/tex/latex/base/omscmr.fd
File: omscmr.fd 1999/05/25 v2.5h Standard LaTeX font definitions
)
LaTeX Font Info:    Font shape `OMS/cmr/m/n' in size <12> not available
(Font)              Font shape `OMS/cmsy/m/n' tried instead on input line 109.
[4]) (text/background.tex [5] [6]
Chapter 2.
[7

] <figures/keyword_statistics.png, id=567, 727.518pt x 511.6716pt>
File: figures/keyword_statistics.png Graphic file (type png)
<use figures/keyword_statistics.png>
Package pdftex.def Info: figures/keyword_statistics.png used on input line 43.
(pdftex.def)             Requested size: 350.68272pt x 246.63797pt.
[8 <./figures/keyword_statistics.png>] [9] <figures/sample/address.png, id=587, 567.62062pt x 808.52063pt>
File: figures/sample/address.png Graphic file (type png)
<use figures/sample/address.png>
Package pdftex.def Info: figures/sample/address.png used on input line 98.
(pdftex.def)             Requested size: 206.28247pt x 293.83069pt.
<figures/sample/sentiment.png, id=588, 480.29437pt x 464.23438pt>
File: figures/sample/sentiment.png Graphic file (type png)
<use figures/sample/sentiment.png>
Package pdftex.def Info: figures/sample/sentiment.png used on input line 105.
(pdftex.def)             Requested size: 206.28247pt x 199.38312pt.
[10 <./figures/sample/address.png>] [11 <./figures/sample/sentiment.png>] [12] [13] [14] [15] [16]) (text/platform.tex [17]
Chapter 3.
[18

]
Overfull \hbox (22.51274pt too wide) in paragraph at lines 44--44
[]\OT1/cmr/bx/n/17.28 Architecture us-ing Component-and-Connector
 []

[19] <figures/architecture/CC1.png, id=663, 344.28625pt x 347.2975pt>
File: figures/architecture/CC1.png Graphic file (type png)
<use figures/architecture/CC1.png>
Package pdftex.def Info: figures/architecture/CC1.png used on input line 86.
(pdftex.def)             Requested size: 247.54149pt x 249.70955pt.
<figures/architecture/CC2.png, id=665, 494.84875pt x 176.66pt>
File: figures/architecture/CC2.png Graphic file (type png)
<use figures/architecture/CC2.png>
Package pdftex.def Info: figures/architecture/CC2.png used on input line 98.
(pdftex.def)             Requested size: 206.28247pt x 73.64139pt.
[20] <figures/architecture/CC3.png, id=672, 715.67375pt x 346.29375pt>
File: figures/architecture/CC3.png Graphic file (type png)
<use figures/architecture/CC3.png>
Package pdftex.def Info: figures/architecture/CC3.png used on input line 125.
(pdftex.def)             Requested size: 350.68272pt x 169.68541pt.
[21 <./figures/architecture/CC1.png> <./figures/architecture/CC2.png>] [22 <./figures/architecture/CC3.png>] <figures/architecture/ComponentConnector.pdf, id=685, 391.4625pt x 329.23pt>
File: figures/architecture/ComponentConnector.pdf Graphic file (type pdf)
<use figures/architecture/ComponentConnector.pdf>
Package pdftex.def Info: figures/architecture/ComponentConnector.pdf used on input line 166.
(pdftex.def)             Requested size: 350.68272pt x 294.94788pt.
[23 <./figures/architecture/ComponentConnector.pdf>] [24]
Chapter 4.
<figures/ApplicationMetamodel.pdf, id=698, 475.7775pt x 339.2675pt>
File: figures/ApplicationMetamodel.pdf Graphic file (type pdf)
<use figures/ApplicationMetamodel.pdf>
Package pdftex.def Info: figures/ApplicationMetamodel.pdf used on input line 209.
(pdftex.def)             Requested size: 371.30594pt x 264.78288pt.
[25

 <./figures/ApplicationMetamodel.pdf>] <figures/helloworld.png, id=714, 610.28pt x 87.82813pt>
File: figures/helloworld.png Graphic file (type png)
<use figures/helloworld.png>
Package pdftex.def Info: figures/helloworld.png used on input line 240.
(pdftex.def)             Requested size: 350.68272pt x 50.46994pt.
[26 <./figures/helloworld.png>]

Package hyperref Warning: Difference (2) between bookmark levels is greater 
(hyperref)                than one, level fixed on input line 265.

<figures/basicoperator.pdf, id=723, 238.8925pt x 89.33376pt>
File: figures/basicoperator.pdf Graphic file (type pdf)
<use figures/basicoperator.pdf>
Package pdftex.def Info: figures/basicoperator.pdf used on input line 274.
(pdftex.def)             Requested size: 268.43262pt x 100.37537pt.
[27 <./figures/basicoperator.pdf>]

Package hyperref Warning: Difference (2) between bookmark levels is greater 
(hyperref)                than one, level fixed on input line 301.

<figures/SourceOperator.pdf, id=740, 104.39pt x 68.255pt>
File: figures/SourceOperator.pdf Graphic file (type pdf)
<use figures/SourceOperator.pdf>
Package pdftex.def Info: figures/SourceOperator.pdf used on input line 308.
(pdftex.def)             Requested size: 92.11035pt x 60.22522pt.
[28 <./figures/SourceOperator.pdf>] [29]
LaTeX Font Info:    Font shape `OMS/cmr/m/n' in size <10.95> not available
(Font)              Font shape `OMS/cmsy/m/n' tried instead on input line 411.
[30] <figures/SinkOperator.pdf, id=768, 104.39pt x 68.255pt>
File: figures/SinkOperator.pdf Graphic file (type pdf)
<use figures/SinkOperator.pdf>
Package pdftex.def Info: figures/SinkOperator.pdf used on input line 430.
(pdftex.def)             Requested size: 92.11035pt x 60.22522pt.
[31 <./figures/SinkOperator.pdf>] <figures/ProcessingOperator.pdf, id=788, 109.40875pt x 68.255pt>
File: figures/ProcessingOperator.pdf Graphic file (type pdf)
<use figures/ProcessingOperator.pdf>
Package pdftex.def Info: figures/ProcessingOperator.pdf used on input line 452.
(pdftex.def)             Requested size: 96.53874pt x 60.22522pt.
[32 <./figures/ProcessingOperator.pdf>] <figures/SelectionOperator.pdf, id=807, 43.16125pt x 68.255pt>
File: figures/SelectionOperator.pdf Graphic file (type pdf)
<use figures/SelectionOperator.pdf>
Package pdftex.def Info: figures/SelectionOperator.pdf used on input line 489.
(pdftex.def)             Requested size: 38.08408pt x 60.22522pt.
[33 <./figures/SelectionOperator.pdf>] <figures/SortOperator.pdf, id=820, 60.225pt x 68.255pt>
File: figures/SortOperator.pdf Graphic file (type pdf)
<use figures/SortOperator.pdf>
Package pdftex.def Info: figures/SortOperator.pdf used on input line 523.
(pdftex.def)             Requested size: 53.14058pt x 60.22522pt.
<figures/EnrichOperator.pdf, id=822, 60.225pt x 68.255pt>
File: figures/EnrichOperator.pdf Graphic file (type pdf)
<use figures/EnrichOperator.pdf>
Package pdftex.def Info: figures/EnrichOperator.pdf used on input line 558.
(pdftex.def)             Requested size: 53.14058pt x 60.22522pt.
[34 <./figures/SortOperator.pdf>] <figures/SplitOperator.pdf, id=841, 60.225pt x 68.255pt>
File: figures/SplitOperator.pdf Graphic file (type pdf)
<use figures/SplitOperator.pdf>
Package pdftex.def Info: figures/SplitOperator.pdf used on input line 575.
(pdftex.def)             Requested size: 53.14058pt x 60.22522pt.
[35 <./figures/EnrichOperator.pdf> <./figures/SplitOperator.pdf>] <figures/UnionOperator.pdf, id=873, 60.225pt x 68.255pt>
File: figures/UnionOperator.pdf Graphic file (type pdf)
<use figures/UnionOperator.pdf>
Package pdftex.def Info: figures/UnionOperator.pdf used on input line 610.
(pdftex.def)             Requested size: 53.14058pt x 60.22522pt.
[36 <./figures/UnionOperator.pdf>]

Package hyperref Warning: Difference (2) between bookmark levels is greater 
(hyperref)                than one, level fixed on input line 660.

[37] [38] [39]
Chapter 5.
[40

] <figures/tool/panel1.png, id=921, 1800.7275pt x 1133.23375pt>
File: figures/tool/panel1.png Graphic file (type png)
<use figures/tool/panel1.png>
Package pdftex.def Info: figures/tool/panel1.png used on input line 756.
(pdftex.def)             Requested size: 371.30594pt x 233.66318pt.
<figures/tool/panel2.png, id=923, 1800.7275pt x 1133.23375pt>
File: figures/tool/panel2.png Graphic file (type png)
<use figures/tool/panel2.png>
Package pdftex.def Info: figures/tool/panel2.png used on input line 771.
(pdftex.def)             Requested size: 371.30594pt x 233.66318pt.
[41 <./figures/tool/panel1.png>] <figures/tool/panel3.png, id=931, 1800.7275pt x 1133.23375pt>
File: figures/tool/panel3.png Graphic file (type png)
<use figures/tool/panel3.png>
Package pdftex.def Info: figures/tool/panel3.png used on input line 797.
(pdftex.def)             Requested size: 371.30594pt x 233.66318pt.
<figures/tool/panel4.png, id=933, 1800.7275pt x 1133.23375pt>
File: figures/tool/panel4.png Graphic file (type png)
<use figures/tool/panel4.png>
Package pdftex.def Info: figures/tool/panel4.png used on input line 812.
(pdftex.def)             Requested size: 371.30594pt x 233.66318pt.
[42 <./figures/tool/panel2.png>] <figures/tool/panel5.png, id=940, 1800.7275pt x 1133.23375pt>
File: figures/tool/panel5.png Graphic file (type png)
<use figures/tool/panel5.png>
Package pdftex.def Info: figures/tool/panel5.png used on input line 827.
(pdftex.def)             Requested size: 371.30594pt x 233.66318pt.
<figures/tool/panel6.png, id=942, 1800.7275pt x 1133.23375pt>
File: figures/tool/panel6.png Graphic file (type png)
<use figures/tool/panel6.png>
Package pdftex.def Info: figures/tool/panel6.png used on input line 845.
(pdftex.def)             Requested size: 371.30594pt x 233.66318pt.
[43 <./figures/tool/panel3.png>] <figures/tool/panel7.png, id=950, 1800.7275pt x 1133.23375pt>
File: figures/tool/panel7.png Graphic file (type png)
<use figures/tool/panel7.png>
Package pdftex.def Info: figures/tool/panel7.png used on input line 860.
(pdftex.def)             Requested size: 371.30594pt x 233.66318pt.
<figures/tool/panel8.png, id=952, 1800.7275pt x 1133.23375pt>
File: figures/tool/panel8.png Graphic file (type png)
<use figures/tool/panel8.png>
Package pdftex.def Info: figures/tool/panel8.png used on input line 870.
(pdftex.def)             Requested size: 371.30594pt x 233.66318pt.
<figures/tool/panel9.png, id=954, 1800.7275pt x 1133.23375pt>
File: figures/tool/panel9.png Graphic file (type png)
<use figures/tool/panel9.png>
Package pdftex.def Info: figures/tool/panel9.png used on input line 881.
(pdftex.def)             Requested size: 371.30594pt x 233.66318pt.
<figures/tool/panel10.png, id=956, 1800.7275pt x 1133.23375pt>
File: figures/tool/panel10.png Graphic file (type png)
<use figures/tool/panel10.png>
Package pdftex.def Info: figures/tool/panel10.png used on input line 893.
(pdftex.def)             Requested size: 371.30594pt x 233.66318pt.
[44 <./figures/tool/panel4.png>] <figures/tool/panel11.png, id=963, 1800.7275pt x 1133.23375pt>
File: figures/tool/panel11.png Graphic file (type png)
<use figures/tool/panel11.png>
Package pdftex.def Info: figures/tool/panel11.png used on input line 905.
(pdftex.def)             Requested size: 371.30594pt x 233.66318pt.
<figures/tool/panel12.png, id=965, 1800.7275pt x 1133.23375pt>
File: figures/tool/panel12.png Graphic file (type png)
<use figures/tool/panel12.png>
Package pdftex.def Info: figures/tool/panel12.png used on input line 919.
(pdftex.def)             Requested size: 371.30594pt x 233.66318pt.
<figures/tool/panel13.png, id=967, 1800.7275pt x 1133.23375pt>
File: figures/tool/panel13.png Graphic file (type png)
<use figures/tool/panel13.png>
Package pdftex.def Info: figures/tool/panel13.png used on input line 930.
(pdftex.def)             Requested size: 371.30594pt x 233.66318pt.
) (text/examples.tex [45 <./figures/tool/panel5.png>] [46 <./figures/tool/panel6.png> <./figures/tool/panel7.png>] [47 <./figures/tool/panel8.png> <./figures/tool/panel9.png>] [48 <./figures/tool/panel10.png> <./figures/tool/panel11.png>] [49 <./figures/tool/panel12.png> <./figures/tool/panel13.png>]
Chapter 6.
[50

] <figures/scenarios/scenario1_1a.png, id=1002, 1039.885pt x 301.125pt>
File: figures/scenarios/scenario1_1a.png Graphic file (type png)
<use figures/scenarios/scenario1_1a.png>
Package pdftex.def Info: figures/scenarios/scenario1_1a.png used on input line 22.
(pdftex.def)             Requested size: 350.68272pt x 101.54948pt.

Overfull \hbox (1.34935pt too wide) in paragraph at lines 35--36
[][][][][][][][][][][][][][][][][][][][][][][][][][][] 
 []


Overfull \hbox (7.91942pt too wide) in paragraph at lines 36--37
[][][][][][][][][][][][][][][][][][][][][][][][][][][] 
 []


Overfull \hbox (1.34935pt too wide) in paragraph at lines 39--40
[][][][][][][][][][][][][][][][][][][][][][][][][][][] 
 []

<figures/scenarios/scenario1_1h.png, id=1006, 575.14874pt x 563.10374pt>
File: figures/scenarios/scenario1_1h.png Graphic file (type png)
<use figures/scenarios/scenario1_1h.png>
Package pdftex.def Info: figures/scenarios/scenario1_1h.png used on input line 55.
(pdftex.def)             Requested size: 206.28247pt x 201.96107pt.
[51 <./figures/scenarios/scenario1_1a.png>] <figures/scenarios/scenario1_2h.png, id=1019, 576.1525pt x 735.74875pt>
File: figures/scenarios/scenario1_2h.png Graphic file (type png)
<use figures/scenarios/scenario1_2h.png>
Package pdftex.def Info: figures/scenarios/scenario1_2h.png used on input line 74.
(pdftex.def)             Requested size: 206.28247pt x 263.42111pt.
<figures/scenarios/scenario1_2a.png, id=1022, 1087.06125pt x 573.14125pt>
File: figures/scenarios/scenario1_2a.png Graphic file (type png)
<use figures/scenarios/scenario1_2a.png>
Package pdftex.def Info: figures/scenarios/scenario1_2a.png used on input line 83.
(pdftex.def)             Requested size: 350.68272pt x 184.89566pt.
[52 <./figures/scenarios/scenario1_1h.png>] <figures/scenarios/poem.png, id=1029, 846.16125pt x 533.995pt>
File: figures/scenarios/poem.png Graphic file (type png)
<use figures/scenarios/poem.png>
Package pdftex.def Info: figures/scenarios/poem.png used on input line 96.
(pdftex.def)             Requested size: 238.57619pt x 150.56305pt.
[53 <./figures/scenarios/scenario1_2h.png>] <figures/scenarios/scenario2_1a.png, id=1036, 1039.885pt x 301.125pt>
File: figures/scenarios/scenario2_1a.png Graphic file (type png)
<use figures/scenarios/scenario2_1a.png>
Package pdftex.def Info: figures/scenarios/scenario2_1a.png used on input line 106.
(pdftex.def)             Requested size: 350.68272pt x 101.54948pt.
[54 <./figures/scenarios/scenario1_2a.png> <./figures/scenarios/poem.png>] <figures/scenarios/scenario2_1h.png, id=1045, 572.63937pt x 368.87813pt>
File: figures/scenarios/scenario2_1h.png Graphic file (type png)
<use figures/scenarios/scenario2_1h.png>
Package pdftex.def Info: figures/scenarios/scenario2_1h.png used on input line 124.
(pdftex.def)             Requested size: 206.28247pt x 132.88045pt.
[55 <./figures/scenarios/scenario2_1a.png> <./figures/scenarios/scenario2_1h.png>] <figures/scenarios/scenario2_2a.png, id=1054, 1208.515pt x 301.125pt>
File: figures/scenarios/scenario2_2a.png Graphic file (type png)
<use figures/scenarios/scenario2_2a.png>
Package pdftex.def Info: figures/scenarios/scenario2_2a.png used on input line 148.
(pdftex.def)             Requested size: 350.68272pt x 87.37914pt.
<figures/scenarios/poem2.png, id=1057, 929.4725pt x 522.95375pt>
File: figures/scenarios/poem2.png Graphic file (type png)
<use figures/scenarios/poem2.png>
Package pdftex.def Info: figures/scenarios/poem2.png used on input line 157.
(pdftex.def)             Requested size: 267.5971pt x 150.56305pt.
[56 <./figures/scenarios/scenario2_2a.png>] <figures/scenarios/scenario2_3a.png, id=1064, 1401.235pt x 486.81876pt>
File: figures/scenarios/scenario2_3a.png Graphic file (type png)
<use figures/scenarios/scenario2_3a.png>
Package pdftex.def Info: figures/scenarios/scenario2_3a.png used on input line 172.
(pdftex.def)             Requested size: 350.68272pt x 121.83066pt.
[57 <./figures/scenarios/poem2.png> <./figures/scenarios/scenario2_3a.png>] <figures/scenarios/scenario2_2h.png, id=1072, 571.63562pt x 586.19pt>
File: figures/scenarios/scenario2_2h.png Graphic file (type png)
<use figures/scenarios/scenario2_2h.png>
Package pdftex.def Info: figures/scenarios/scenario2_2h.png used on input line 181.
(pdftex.def)             Requested size: 206.28247pt x 211.52913pt.
) (text/relatedwork.tex [58 <./figures/scenarios/scenario2_2h.png>]
Chapter 7.
[59

] [60] [61] [62] [63] [64] [65]
Overfull \hbox (111.5432pt too wide) in paragraph at lines 300--321
[][]
 []


Underfull \hbox (badness 10000) in alignment at lines 321--321
[][] 
 []


Underfull \hbox (badness 10000) in alignment at lines 321--321
[][] 
 []

[66] [67] [68] [69]) (text/discussion.tex [70]
Chapter 8.
[71

]) (text/conclusion.tex [72]
Chapter 9.
[73

] [74] [75]) (output/paper.bbl [76] [77

] [78] [79])
Package atveryend Info: Empty hook `BeforeClearDocument' on input line 23.
[80]
Package atveryend Info: Empty hook `AfterLastShipout' on input line 23.
(output/paper.aux)
Package atveryend Info: Executing hook `AtVeryEndDocument' on input line 23.
Package atveryend Info: Executing hook `AtEndAfterFileList' on input line 23.
Package rerunfilecheck Info: File `paper.out' has not changed.
(rerunfilecheck)             Checksum: <no file>.
Package atveryend Info: Empty hook `AtVeryVeryEnd' on input line 23.
 ) 
Here is how much of TeX's memory you used:
 11075 strings out of 493315
 164329 string characters out of 6137904
 276631 words of memory out of 5000000
 14026 multiletter control sequences out of 15000+600000
 16320 words of font info for 64 fonts, out of 8000000 for 9000
 957 hyphenation exceptions out of 8191
 38i,14n,75p,1361b,1718s stack positions out of 5000i,500n,10000p,200000b,80000s
</usr/local/texlive/2013/texmf-dist/fonts/type1/public/amsfonts/cm/cmbx12.pfb></usr/local/texlive/2013/texmf-dist/fonts/type1/public/amsfonts/cm/cmcsc10.pfb></usr/local/texlive/2013/texmf-dist/fonts/type1/public/amsfonts/cm/cmmi10.pfb></usr/local/texlive/2013/texmf-dist/fonts/type1/public/amsfonts/cm/cmmi12.pfb></usr/local/texlive/2013/texmf-dist/fonts/type1/public/amsfonts/cm/cmr10.pfb></usr/local/texlive/2013/texmf-dist/fonts/type1/public/amsfonts/cm/cmr12.pfb></usr/local/texlive/2013/texmf-dist/fonts/type1/public/amsfonts/cm/cmr17.pfb></usr/local/texlive/2013/texmf-dist/fonts/type1/public/amsfonts/cm/cmr7.pfb></usr/local/texlive/2013/texmf-dist/fonts/type1/public/amsfonts/cm/cmr8.pfb></usr/local/texlive/2013/texmf-dist/fonts/type1/public/amsfonts/cm/cmsl12.pfb></usr/local/texlive/2013/texmf-dist/fonts/type1/public/amsfonts/cm/cmsy10.pfb></usr/local/texlive/2013/texmf-dist/fonts/type1/public/amsfonts/cm/cmti12.pfb></usr/local/texlive/2013/texmf-dist/fonts/type1/public/amsfonts/cm/c
mtt12.pfb></usr/local/texlive/2013/texmf-dist/fonts/type1/public/wasy/wasy10.pfb>
Output written on output/paper.pdf (92 pages, 4270663 bytes).
PDF statistics:
 1307 PDF objects out of 1440 (max. 8388607)
 1091 compressed objects within 11 object streams
 268 named destinations out of 1000 (max. 500000)
 731 words of extra memory for PDF output out of 10000 (max. 10000000)

